2014-07-15 08:20:25
Test
test@test.com
Test
-------------------------
2014-10-09 09:33:00
Mike Tester
mike@tester.com
This is a test.
-------------------------
2014-10-09 09:33:05
Mike Tester
mike@tester.com
This is a test.
-------------------------
2014-10-09 09:45:47
Mike Tester
mike@tester.com
This is a test
-------------------------
2014-10-09 09:46:25
Mike Tester
mike@tester.com
This is a test
-------------------------
2014-10-09 09:46:30
Mike Tester
mike@tester.com
This is a test
-------------------------
